<?xml version="1.0" encoding="UTF-8"?>
<!-- Generated by org.testng.reporters.JUnitXMLReporter -->
<testsuite ignored="0" hostname="Chinnu" failures="1" tests="1" name="End to End Test" time="93.222" errors="0" timestamp="2026-03-30T22:04:14 IST">
  <testcase classname="tests.E2ETest" name="testFullJourney" time="85.773">
    <failure type="java.lang.AssertionError" message="The file was not uploaded by AutoIt.">
      <![CDATA[java.lang.AssertionError: The file was not uploaded by AutoIt.
at tests.E2ETest.testFullJourney(E2ETest.java:105)
at java.base/java.util.ArrayList.forEach(ArrayList.java:1596)
... Removed 26 stack frames]]>
    </failure>
  </testcase> <!-- testFullJourney -->
</testsuite> <!-- End to End Test -->
